<?xml version="1.0" encoding="UTF-8"?>
<testng-results ignored="0" total="1" passed="1" failed="0" skipped="0">
  <reporter-output>
  </reporter-output>
  <suite started-at="2021-10-06T08:49:35 CDT" name="Default suite" finished-at="2021-10-06T08:49:43 CDT" duration-ms="8111">
    <groups>
    </groups>
    <test started-at="2021-10-06T08:49:35 CDT" name="Default test" finished-at="2021-10-06T08:49:43 CDT" duration-ms="8111">
      <class name="homeWork5.Homework_Session5">
        <test-method is-config="true" signature="init()[pri:0, instance:homeWork5.Homework_Session5@61386958]" started-at="2021-10-06T08:49:35 CDT" name="init" finished-at="2021-10-06T08:49:37 CDT" duration-ms="2023" status="PASS">
          <reporter-output>
          </reporter-output>
        </test-method> <!-- init -->
        <test-method signature="logintest()[pri:0, instance:homeWork5.Homework_Session5@61386958]" started-at="2021-10-06T08:49:37 CDT" name="logintest" finished-at="2021-10-06T08:49:43 CDT" duration-ms="5784" status="PASS">
          <reporter-output>
          </reporter-output>
        </test-method> <!-- logintest -->
        <test-method is-config="true" signature="tearDown()[pri:0, instance:homeWork5.Homework_Session5@61386958]" started-at="2021-10-06T08:49:43 CDT" name="tearDown" finished-at="2021-10-06T08:49:43 CDT" duration-ms="279" status="PASS">
          <reporter-output>
          </reporter-output>
        </test-method> <!-- tearDown -->
      </class> <!-- homeWork5.Homework_Session5 -->
    </test> <!-- Default test -->
  </suite> <!-- Default suite -->
</testng-results>
